


ARM Macro Assembler    Page 1 


    1 00000000         
    2 00000000         ; Print.s
    3 00000000         ; Student names: change this to your names or look very 
                       silly
    4 00000000         ; Last modification date: change this to the last modifi
                       cation date or look very silly
    5 00000000         ; Runs on LM4F120 or TM4C123
    6 00000000         ; EE319K lab 7 device driver for any LCD
    7 00000000         ;
    8 00000000         ; As part of Lab 7, students need to implement these LCD
                       _OutDec and LCD_OutFix
    9 00000000         ; This driver assumes two low-level LCD functions
   10 00000000         ; ST7735_OutChar   outputs a single 8-bit ASCII characte
                       r
   11 00000000         ; ST7735_OutString outputs a null-terminated string 
   12 00000000         
   13 00000000                 IMPORT           ST7735_OutChar
   14 00000000                 IMPORT           ST7735_OutString
   15 00000000                 EXPORT           LCD_OutDec
   16 00000000                 EXPORT           LCD_OutFix
   17 00000000         
   18 00000000                 AREA             |.text|, CODE, READONLY, ALIGN=
2
   19 00000000         
   20 00000000 2A 2E 2A 
              2A 2A    star    DCB              "*.***"
   21 00000005 00              THUMB
   22 00000006         
   23 00000006         
   24 00000006         
   25 00000006         ;-----------------------LCD_OutDec----------------------
                       -
   26 00000006         ; Output a 32-bit number in unsigned decimal format
   27 00000006         ; Input: R0 (call by value) 32-bit unsigned number
   28 00000006         ; Output: none
   29 00000006         ; Invariables: This function must not permanently modify
                        registers R4 to R11
   30 00000006 00000000 
                       num     EQU              0
   31 00000006         LCD_OutDec
   32 00000006         
   33 00000006 B501            PUSH             {LR, R0}
   34 00000008 B082            SUB              SP, #8      ;allocating num
   35 0000000A         
   36 0000000A 280A            CMP              R0, #10     ;comparing input wi
                                                            th 10
   37 0000000C D30A            BLO              Print       ;if number is lesse
                                                            r than 10, then pri
                                                            nt to screen
   38 0000000E         
   39 0000000E F04F 010A       MOV              R1, #10
   40 00000012 FBB0 F2F1       UDIV             R2, R0, R1  ;divided input by 1
                                                            0 and stores quotie
                                                            nt into R2
   41 00000016 F000 F80D       BL               FindRemainder
   42 0000001A 9000            STR              R0, [SP]    ;storing remainder 
                                                            in stack
   43 0000001C         
   44 0000001C 4610            MOV              R0, R2      ;moving quotient in



ARM Macro Assembler    Page 2 


                                                            to R0
   45 0000001E F7FF FFFE       BL               LCD_OutDec
   46 00000022 9800            LDR              R0, [SP]    ;loads value 
   47 00000024         
   48 00000024         Print
   49 00000024 F100 0030       ADD              R0, R0, #0x30
   50 00000028 F7FF FFFE       BL               ST7735_OutChar ;calling 
   51 0000002C         
   52 0000002C B002            ADD              SP, #8
   53 0000002E E8BD 4001       POP              {LR, R0}
   54 00000032         
   55 00000032 4770            BX               LR
   56 00000034         
   57 00000034         
   58 00000034         FindRemainder
   59 00000034 FBB0 F3F1       UDIV             R3, R0, R1
   60 00000038 FB03 F101       MUL              R1, R3, R1
   61 0000003C EBA0 0001       SUB              R0, R0, R1
   62 00000040 4770            BX               LR
   63 00000042         ;* * * * * * * * End of LCD_OutDec * * * * * * * *
   64 00000042         
   65 00000042         ; -----------------------LCD _OutFix--------------------
                       --
   66 00000042         ; Output characters to LCD display in fixed-point format
                       
   67 00000042         ; unsigned decimal, resolution 0.001, range 0.000 to 9.9
                       99
   68 00000042         ; Inputs:  R0 is an unsigned 32-bit number
   69 00000042         ; Outputs: none
   70 00000042         ; E.g., R0=0,    then output "0.000 "
   71 00000042         ;       R0=3,    then output "0.003 "
   72 00000042         ;       R0=89,   then output "0.089 "
   73 00000042         ;       R0=123,  then output "0.123 "
   74 00000042         ;       R0=9999, then output "9.999 "
   75 00000042         ;       R0>9999, then output "*.*** "
   76 00000042         ; Invariables: This function must not permanently modify
                        registers R4 to R11
   77 00000042         LCD_OutFix
   78 00000042         
   79 00000042 B510            PUSH             {R4, LR}
   80 00000044         
   81 00000044 F242 710F       MOV              R1, #9999
   82 00000048 4288            CMP              R0, R1
   83 0000004A D832            BHI              NotInRange
   84 0000004C         
   85 0000004C B082            SUB              SP, #8      ;allocating num
   86 0000004E         
   87 0000004E 9000            STR              R0, [SP]    ;storing R0 in stac
                                                            k
   88 00000050         
   89 00000050 F44F 717A       MOV              R1, #1000
   90 00000054 FBB0 F0F1       UDIV             R0, R1      ;dividing to get th
                                                            ousandths place
   91 00000058 F100 0030       ADD              R0, #0x30   ;converting to ASCI
                                                            I character
   92 0000005C F7FF FFFE       BL               ST7735_OutChar
   93 00000060         
   94 00000060 F04F 002E       MOV              R0, #0x2E
   95 00000064 F7FF FFFE       BL               ST7735_OutChar ;printing the pe



ARM Macro Assembler    Page 3 


                                                            riod
   96 00000068         
   97 00000068 9800            LDR              R0, [SP]
   98 0000006A F44F 717A       MOV              R1, #1000
   99 0000006E F7FF FFE1       BL               FindRemainder ;finding modulus
  100 00000072         
  101 00000072 F04F 0164       MOV              R1, #100
  102 00000076 FBB0 F0F1       UDIV             R0, R1      ;dividing to get hu
                                                            ndredths place
  103 0000007A F100 0030       ADD              R0, #0x30   ;converting to ASCI
                                                            I character
  104 0000007E F7FF FFFE       BL               ST7735_OutChar
  105 00000082         
  106 00000082 9800            LDR              R0, [SP]
  107 00000084 F04F 0164       MOV              R1, #100
  108 00000088 F7FF FFD4       BL               FindRemainder ;finding modulus
  109 0000008C         
  110 0000008C F04F 010A       MOV              R1, #10
  111 00000090 FBB0 F0F1       UDIV             R0, R1      ;dividing to get te
                                                            nths place
  112 00000094 F100 0030       ADD              R0, #0x30   ;converting to ASCI
                                                            I character
  113 00000098 F7FF FFFE       BL               ST7735_OutChar
  114 0000009C         
  115 0000009C 9800            LDR              R0, [SP]
  116 0000009E F04F 010A       MOV              R1, #10
  117 000000A2 F7FF FFC7       BL               FindRemainder
  118 000000A6         
  119 000000A6 F100 0030       ADD              R0, #0x30
  120 000000AA F7FF FFFE       BL               ST7735_OutChar
  121 000000AE         
  122 000000AE B002            ADD              SP, #8
  123 000000B0 4770            BX               LR
  124 000000B2         
  125 000000B2         NotInRange
  126 000000B2 4802            LDR              R0, =star
  127 000000B4 F7FF FFFE       BL               ST7735_OutString
  128 000000B8         
  129 000000B8 BD10            POP              {R4, PC}
  130 000000BA 4770            BX               LR
  131 000000BC         
  132 000000BC                 ALIGN
  133 000000BC         ;* * * * * * * * End of LCD_OutFix * * * * * * * *
  134 000000BC         
  135 000000BC                 ALIGN                        ; make sure the end
                                                             of this section is
                                                             aligned
  136 000000BC                 END                          ; end of file
              00000000 
Command Line: --debug --xref --diag_suppress=9931 --cpu=Cortex-M4 --apcs=interw
ork --depend=.\print.d -o.\print.o -I.\RTE\_Lab7 -IC:\Keil_v5\ARM\PACK\ARM\CMSI
S\5.4.0\CMSIS\Core\Include -IC:\Keil_v5\ARM\PACK\Keil\TM4C_DFP\1.1.0\Device\Inc
lude\TM4C123 --predefine="__EVAL SETA 1" --predefine="__MICROLIB SETA 1" --pred
efine="__UVISION_VERSION SETA 526" --predefine="_RTE_ SETA 1" --predefine="TM4C
123GH6PM SETA 1" --list=.\print.lst Print.s



ARM Macro Assembler    Page 1 Alphabetic symbol ordering
Relocatable symbols

.text 00000000

Symbol: .text
   Definitions
      At line 18 in file Print.s
   Uses
      None
Comment: .text unused
FindRemainder 00000034

Symbol: FindRemainder
   Definitions
      At line 58 in file Print.s
   Uses
      At line 41 in file Print.s
      At line 99 in file Print.s
      At line 108 in file Print.s
      At line 117 in file Print.s

LCD_OutDec 00000006

Symbol: LCD_OutDec
   Definitions
      At line 31 in file Print.s
   Uses
      At line 15 in file Print.s
      At line 45 in file Print.s

LCD_OutFix 00000042

Symbol: LCD_OutFix
   Definitions
      At line 77 in file Print.s
   Uses
      At line 16 in file Print.s
Comment: LCD_OutFix used once
NotInRange 000000B2

Symbol: NotInRange
   Definitions
      At line 125 in file Print.s
   Uses
      At line 83 in file Print.s
Comment: NotInRange used once
Print 00000024

Symbol: Print
   Definitions
      At line 48 in file Print.s
   Uses
      At line 37 in file Print.s
Comment: Print used once
star 00000000

Symbol: star
   Definitions
      At line 20 in file Print.s
   Uses
      At line 126 in file Print.s



ARM Macro Assembler    Page 2 Alphabetic symbol ordering
Relocatable symbols

Comment: star used once
7 symbols



ARM Macro Assembler    Page 1 Alphabetic symbol ordering
Absolute symbols

num 00000000

Symbol: num
   Definitions
      At line 30 in file Print.s
   Uses
      None
Comment: num unused
1 symbol



ARM Macro Assembler    Page 1 Alphabetic symbol ordering
External symbols

ST7735_OutChar 00000000

Symbol: ST7735_OutChar
   Definitions
      At line 13 in file Print.s
   Uses
      At line 50 in file Print.s
      At line 92 in file Print.s
      At line 95 in file Print.s
      At line 104 in file Print.s
      At line 113 in file Print.s
      At line 120 in file Print.s

ST7735_OutString 00000000

Symbol: ST7735_OutString
   Definitions
      At line 14 in file Print.s
   Uses
      At line 127 in file Print.s
Comment: ST7735_OutString used once
2 symbols
347 symbols in table
